   _________________________________________________________________

    This system is restricted to AT&T authorized users for business
    purposes.  Unauthorized access is a violation of the law. This
    service may be monitored for administrative and security reasons.
    By proceeding, you consent to this monitoring.
   _________________________________________________________________

   [ THIS SYSTEM IS CURRENTLY BEING ADMINISTERED BY LINUX SUPPORT ]

FOR LOGIN ACCESS, GO HERE: http://uam.it.att.com

FOR SA REQUESTS/WORK ORDERS, GO TO IEDS https://intra.att.com/ieds/pages/Search.cfm
AND SEARCH FOR SYSTEM.  GO TO PEOPLE TAB TO FIND APPROPRIATE WORK GROUP AND SUPPORT TEAM
AND OPEN A TICKET

TO REPORT A SEV 1 OUTAGE CALL THE ITO SERVICE DESK at 877-448-6767


   _________________________________________________________________

    This system is restricted to AT&T authorized users for business
    purposes.  Unauthorized access is a violation of the law. This
    service may be monitored for administrative and security reasons.
    By proceeding, you consent to this monitoring.
   _________________________________________________________________

   [ THIS SYSTEM IS CURRENTLY BEING ADMINISTERED BY LINUX SUPPORT ]

FOR LOGIN ACCESS, GO HERE: http://uam.it.att.com

FOR SA REQUESTS/WORK ORDERS, GO TO IEDS https://intra.att.com/ieds/pages/Search.cfm
AND SEARCH FOR SYSTEM.  GO TO PEOPLE TAB TO FIND APPROPRIATE WORK GROUP AND SUPPORT TEAM
AND OPEN A TICKET

TO REPORT A SEV 1 OUTAGE CALL THE ITO SERVICE DESK at 877-448-6767


   _________________________________________________________________

    This system is restricted to AT&T authorized users for business
    purposes.  Unauthorized access is a violation of the law. This
    service may be monitored for administrative and security reasons.
    By proceeding, you consent to this monitoring.
   _________________________________________________________________

   [ THIS SYSTEM IS CURRENTLY BEING ADMINISTERED BY LINUX SUPPORT ]

FOR LOGIN ACCESS, GO HERE: http://uam.it.att.com

FOR SA REQUESTS/WORK ORDERS, GO TO IEDS https://intra.att.com/ieds/pages/Search.cfm
AND SEARCH FOR SYSTEM.  GO TO PEOPLE TAB TO FIND APPROPRIATE WORK GROUP AND SUPPORT TEAM
AND OPEN A TICKET

TO REPORT A SEV 1 OUTAGE CALL THE ITO SERVICE DESK at 877-448-6767


   _________________________________________________________________

    This system is restricted to AT&T authorized users for business
    purposes.  Unauthorized access is a violation of the law. This
    service may be monitored for administrative and security reasons.
    By proceeding, you consent to this monitoring.
   _________________________________________________________________

   [ THIS SYSTEM IS CURRENTLY BEING ADMINISTERED BY LINUX SUPPORT ]

FOR LOGIN ACCESS, GO HERE: http://uam.it.att.com

FOR SA REQUESTS/WORK ORDERS, GO TO IEDS https://intra.att.com/ieds/pages/Search.cfm
AND SEARCH FOR SYSTEM.  GO TO PEOPLE TAB TO FIND APPROPRIATE WORK GROUP AND SUPPORT TEAM
AND OPEN A TICKET

TO REPORT A SEV 1 OUTAGE CALL THE ITO SERVICE DESK at 877-448-6767


tlph11138_fs Active:			no
tlph11733_fs Active:			no
tlph11819_fs Active:			no
tlph11821_fs Active:			no
Execution started at Tue Mar 25 09:33:38 EDT 2025
Disabling policies based on target file...
Running on tlph101.dadc.sbc.com: sudo /usr/openv/netbackup/bin/admincmd/bpplinfo tlph11138_fs -modify -inactive -keyword 'Migrated to Networker as per CHG000009910597' -M tlph101.dadc.sbc.com
   _________________________________________________________________

    This system is restricted to AT&T authorized users for business
    purposes.  Unauthorized access is a violation of the law. This
    service may be monitored for administrative and security reasons.
    By proceeding, you consent to this monitoring.
   _________________________________________________________________

   [ THIS SYSTEM IS CURRENTLY BEING ADMINISTERED BY LINUX SUPPORT ]

FOR LOGIN ACCESS, GO HERE: http://uam.it.att.com

FOR SA REQUESTS/WORK ORDERS, GO TO IEDS https://intra.att.com/ieds/pages/Search.cfm
AND SEARCH FOR SYSTEM.  GO TO PEOPLE TAB TO FIND APPROPRIATE WORK GROUP AND SUPPORT TEAM
AND OPEN A TICKET

TO REPORT A SEV 1 OUTAGE CALL THE ITO SERVICE DESK at 877-448-6767


Running on tlph101.dadc.sbc.com: sudo /usr/openv/netbackup/bin/admincmd/bpplinfo tlph11733_fs -modify -inactive -keyword 'Migrated to Networker as per CHG000009910597' -M tlph101.dadc.sbc.com
   _________________________________________________________________

    This system is restricted to AT&T authorized users for business
    purposes.  Unauthorized access is a violation of the law. This
    service may be monitored for administrative and security reasons.
    By proceeding, you consent to this monitoring.
   _________________________________________________________________

   [ THIS SYSTEM IS CURRENTLY BEING ADMINISTERED BY LINUX SUPPORT ]

FOR LOGIN ACCESS, GO HERE: http://uam.it.att.com

FOR SA REQUESTS/WORK ORDERS, GO TO IEDS https://intra.att.com/ieds/pages/Search.cfm
AND SEARCH FOR SYSTEM.  GO TO PEOPLE TAB TO FIND APPROPRIATE WORK GROUP AND SUPPORT TEAM
AND OPEN A TICKET

TO REPORT A SEV 1 OUTAGE CALL THE ITO SERVICE DESK at 877-448-6767


Running on tlph101.dadc.sbc.com: sudo /usr/openv/netbackup/bin/admincmd/bpplinfo tlph11819_fs -modify -inactive -keyword 'Migrated to Networker as per CHG000009910597' -M tlph101.dadc.sbc.com
   _________________________________________________________________

    This system is restricted to AT&T authorized users for business
    purposes.  Unauthorized access is a violation of the law. This
    service may be monitored for administrative and security reasons.
    By proceeding, you consent to this monitoring.
   _________________________________________________________________

   [ THIS SYSTEM IS CURRENTLY BEING ADMINISTERED BY LINUX SUPPORT ]

FOR LOGIN ACCESS, GO HERE: http://uam.it.att.com

FOR SA REQUESTS/WORK ORDERS, GO TO IEDS https://intra.att.com/ieds/pages/Search.cfm
AND SEARCH FOR SYSTEM.  GO TO PEOPLE TAB TO FIND APPROPRIATE WORK GROUP AND SUPPORT TEAM
AND OPEN A TICKET

TO REPORT A SEV 1 OUTAGE CALL THE ITO SERVICE DESK at 877-448-6767


Running on tlph101.dadc.sbc.com: sudo /usr/openv/netbackup/bin/admincmd/bpplinfo tlph11821_fs -modify -inactive -keyword 'Migrated to Networker as per CHG000009910597' -M tlph101.dadc.sbc.com
   _________________________________________________________________

    This system is restricted to AT&T authorized users for business
    purposes.  Unauthorized access is a violation of the law. This
    service may be monitored for administrative and security reasons.
    By proceeding, you consent to this monitoring.
   _________________________________________________________________

   [ THIS SYSTEM IS CURRENTLY BEING ADMINISTERED BY LINUX SUPPORT ]

FOR LOGIN ACCESS, GO HERE: http://uam.it.att.com

FOR SA REQUESTS/WORK ORDERS, GO TO IEDS https://intra.att.com/ieds/pages/Search.cfm
AND SEARCH FOR SYSTEM.  GO TO PEOPLE TAB TO FIND APPROPRIATE WORK GROUP AND SUPPORT TEAM
AND OPEN A TICKET

TO REPORT A SEV 1 OUTAGE CALL THE ITO SERVICE DESK at 877-448-6767


Checking policy statuses...
Checked tlph11138_fs on tlph101.dadc.sbc.com
Checked tlph11733_fs on tlph101.dadc.sbc.com
Checked tlph11819_fs on tlph101.dadc.sbc.com
Checked tlph11821_fs on tlph101.dadc.sbc.com
Execution completed at Tue Mar 25 09:34:34 EDT 2025
