   _________________________________________________________________

    This system is restricted to AT&T authorized users for business
    purposes.  Unauthorized access is a violation of the law. This
    service may be monitored for administrative and security reasons.
    By proceeding, you consent to this monitoring.
   _________________________________________________________________

   [ THIS SYSTEM IS CURRENTLY BEING ADMINISTERED BY LINUX SUPPORT ]

FOR LOGIN ACCESS, GO HERE: http://uam.it.att.com

FOR SA REQUESTS/WORK ORDERS, GO TO IEDS https://intra.att.com/ieds/pages/Search.cfm
AND SEARCH FOR SYSTEM.  GO TO PEOPLE TAB TO FIND APPROPRIATE WORK GROUP AND SUPPORT TEAM
AND OPEN A TICKET

TO REPORT A SEV 1 OUTAGE CALL THE ITO SERVICE DESK at 877-448-6767


Connection to tlph101.dadc.sbc.com closed.
   _________________________________________________________________

    This system is restricted to AT&T authorized users for business
    purposes.  Unauthorized access is a violation of the law. This
    service may be monitored for administrative and security reasons.
    By proceeding, you consent to this monitoring.
   _________________________________________________________________

   [ THIS SYSTEM IS CURRENTLY BEING ADMINISTERED BY LINUX SUPPORT ]

FOR LOGIN ACCESS, GO HERE: http://uam.it.att.com

FOR SA REQUESTS/WORK ORDERS, GO TO IEDS https://intra.att.com/ieds/pages/Search.cfm
AND SEARCH FOR SYSTEM.  GO TO PEOPLE TAB TO FIND APPROPRIATE WORK GROUP AND SUPPORT TEAM
AND OPEN A TICKET

TO REPORT A SEV 1 OUTAGE CALL THE ITO SERVICE DESK at 877-448-6767


